C51 COMPILER V9.56.0.0   IIC                                                               03/16/2018 17:15:05 PAGE 1   


C51 COMPILER V9.56.0.0, COMPILATION OF MODULE IIC
OBJECT MODULE PLACED IN .\Objects\IIC.obj
COMPILER INVOKED BY: D:\Keil-v5\C51\BIN\C51.EXE IIC.c OPTIMIZE(8,SPEED) BROWSE DEBUG OBJECTEXTEND PRINT(.\Listings\IIC.l
                    -st) OBJECT(.\Objects\IIC.obj)

line level    source

   1          /*
   2            程序说明: IIC总线驱动程序
   3            软件环境: Keil uVision 4.10 
   4            硬件环境: CT107单片机综合实训平台(12MHz)
   5            日    期: 2011-8-9
   6          */
   7          #include <STC15F2K60S2.H>
   8          
   9          #include "iic.h"
  10          
  11          //总线启动条件
  12          void IIC_Start(void)
  13          {
  14   1              SDA = 1;
  15   1              SCL = 1;
  16   1              somenop;
  17   1              SDA = 0;
  18   1              somenop;
  19   1              SCL = 0;        
  20   1      }
  21          
  22          //总线停止条件
  23          void IIC_Stop(void)
  24          {
  25   1              SDA = 0;
  26   1              SCL = 1;
  27   1              somenop;
  28   1              SDA = 1;
  29   1      }
  30          
  31          //应答位控制
  32          void IIC_Ack(unsigned char ackbit)
  33          {
  34   1              if(ackbit) 
  35   1              {       
  36   2                      SDA = 0;
  37   2              }
  38   1              else 
  39   1              {
  40   2                      SDA = 1;
  41   2              }
  42   1              somenop;
  43   1              SCL = 1;
  44   1              somenop;
  45   1              SCL = 0;
  46   1              SDA = 1; 
  47   1              somenop;
  48   1      }
  49          
  50          //等待应答
  51          bit IIC_WaitAck(void)    
  52          {
  53   1              SDA = 1;
  54   1              somenop;
C51 COMPILER V9.56.0.0   IIC                                                               03/16/2018 17:15:05 PAGE 2   

  55   1              SCL = 1;
  56   1              somenop;
  57   1              if(SDA)    
  58   1              {   
  59   2                      SCL = 0;
  60   2                      IIC_Stop();
  61   2                      return 0;
  62   2              }
  63   1              else  
  64   1              { 
  65   2                      SCL = 0;
  66   2                      return 1;
  67   2              }
  68   1      }
  69          
  70          //通过I2C总线发送数据
  71          void IIC_SendByte(unsigned char byt)
  72          {
  73   1              unsigned char i;
  74   1              for(i=0;i<8;i++)
  75   1              {   
  76   2                      if(byt&0x80) 
  77   2                      {       
  78   3                              SDA = 1;
  79   3                      }
  80   2                      else 
  81   2                      {
  82   3                              SDA = 0;
  83   3                      }
  84   2                      somenop;
  85   2                      SCL = 1;
  86   2                      byt <<= 1;
  87   2                      somenop;
  88   2                      SCL = 0;
  89   2              }
  90   1      }
  91          
  92          //从I2C总线上接收数据
  93          unsigned char IIC_RecByte(void)
  94          {
  95   1              unsigned char da;
  96   1              unsigned char i;
  97   1              
  98   1              for(i=0;i<8;i++)
  99   1              {   
 100   2                      SCL = 1;
 101   2                      somenop;
 102   2                      da <<= 1;
 103   2                      if(SDA) 
 104   2                      da |= 0x01;
 105   2                      SCL = 0;
 106   2                      somenop;
 107   2              }
 108   1              return da;
 109   1      }
 110          unsigned char pcf8591(unsigned char chan)
 111          {
 112   1          unsigned char dat;
 113   1          IIC_Start();
 114   1          
 115   1          IIC_SendByte(0x90);
 116   1          IIC_WaitAck();
C51 COMPILER V9.56.0.0   IIC                                                               03/16/2018 17:15:05 PAGE 3   

 117   1          
 118   1          IIC_SendByte(0X40|chan);
 119   1          IIC_WaitAck();
 120   1          
 121   1          IIC_Start();
 122   1          IIC_SendByte(0x91);
 123   1          IIC_WaitAck();
 124   1          
 125   1          dat=IIC_RecByte();
 126   1          IIC_Ack(0);
 127   1          
 128   1          return dat;
 129   1          
 130   1          
 131   1      }


MODULE INFORMATION:   STATIC OVERLAYABLE
   CODE SIZE        =    200    ----
   CONSTANT SIZE    =   ----    ----
   XDATA SIZE       =   ----    ----
   PDATA SIZE       =   ----    ----
   DATA SIZE        =   ----    ----
   IDATA SIZE       =   ----    ----
   BIT SIZE         =   ----    ----
END OF MODULE INFORMATION.


C51 COMPILATION COMPLETE.  0 WARNING(S),  0 ERROR(S)
