C51 COMPILER V9.56.0.0   DS1302                                                            03/17/2018 19:38:23 PAGE 1   


C51 COMPILER V9.56.0.0, COMPILATION OF MODULE DS1302
OBJECT MODULE PLACED IN .\Objects\ds1302.obj
COMPILER INVOKED BY: D:\Keil-v5\C51\BIN\C51.EXE ds1302.c OPTIMIZE(8,SPEED) BROWSE DEBUG OBJECTEXTEND PRINT(.\Listings\ds
                    -1302.lst) OBJECT(.\Objects\ds1302.obj)

line level    source

   1          #include <STC15F2K60S2.H>
   2          #include "ds1302.h"
   3          /********************************************************************/ 
   4          /*单字节写入一字节数据*/
   5          void Delay5us()         //@12.000MHz
   6          {
   7   1              unsigned char i;
   8   1      
   9   1              _nop_();
  10   1              _nop_();
  11   1              i = 12;
  12   1              while (--i);
  13   1      }
  14          
  15          void Write_Ds1302_Byte(unsigned char dat) 
  16          {
  17   1              unsigned char i;
  18   1              
  19   1              for (i=0;i<8;i++) 
  20   1              {       
  21   2                      SCK = 0;
  22   2                      Delay5us();
  23   2                      
  24   2                      if (dat & 0x01)         // 等价于if((addr & 0x01) ==1) 
  25   2                      SDA_SET;                //#define SDA_SET SDA=1 /*电平置高*/
  26   2                      else 
  27   2                      SDA_CLR;                //#define SDA_CLR SDA=0 /*电平置低*/
  28   2                      Delay5us();     
  29   2                      
  30   2                      SCK_SET;
  31   2                      Delay5us();     
  32   2                      
  33   2                      SCK_CLR;                
  34   2                      dat = dat >> 1; 
  35   2              } 
  36   1      }
  37          
  38          /********************************************************************/ 
  39          /*单字节读出一字节数据*/
  40          unsigned char Read_Ds1302_Byte(void) 
  41          {
  42   1              unsigned char i, dat=0; 
  43   1              for (i=0;i<8;i++)
  44   1              {       
  45   2                      dat = dat >> 1;
  46   2                      if (SDA_R)        //等价于if(SDA_R==1)    #define SDA_R SDA /*电平读取*/        
  47   2                      dat |= 0x80;
  48   2                      else 
  49   2                      dat &= 0x7F;
  50   2                      
  51   2                      SCK_SET;
  52   2                      Delay5us();
  53   2                      SCK_CLR;
  54   2                      Delay5us();     
C51 COMPILER V9.56.0.0   DS1302                                                            03/17/2018 19:38:23 PAGE 2   

  55   2              }
  56   1              return dat;
  57   1      }
  58          
  59          /********************************************************************/ 
  60          /*向DS1302 单字节写入一字节数据*/
  61          void Ds1302_Single_Byte_Write(unsigned char addr, unsigned char dat)
  62          { 
  63   1              RST_CLR;                        /*RST脚置低，实现DS1302的初始化*/
  64   1              SCK_CLR;                        /*SCK脚置低，实现DS1302的初始化*/
  65   1              Delay5us();     
  66   1              RST_SET;                        /*启动DS1302总线,RST=1电平置高 */
  67   1              addr = addr & 0xFE;      
  68   1              Write_Ds1302_Byte(addr); /*写入目标地址：addr,保证是写操作,写之前将最低位置零*/ 
  69   1              Write_Ds1302_Byte(dat);  /*写入数据：dat*/
  70   1              RST_CLR;                                 /*停止DS1302总线*/
  71   1      }
  72          
  73          /********************************************************************/ 
  74          /*从DS1302单字节读出一字节数据*/
  75          unsigned char Ds1302_Single_Byte_Read(unsigned char addr) 
  76          { 
  77   1              unsigned char temp;
  78   1              RST_CLR;                        /*RST脚置低，实现DS1302的初始化*/
  79   1              SCK_CLR;                        /*SCK脚置低，实现DS1302的初始化*/
  80   1              Delay5us();     
  81   1              RST_SET;        /*启动DS1302总线,RST=1电平置高 */       
  82   1              addr = addr | 0x01;      
  83   1              Write_Ds1302_Byte(addr); /*写入目标地址：addr,保证是读操作,写之前将最低位置高*/
  84   1              temp=Read_Ds1302_Byte(); /*从DS1302中读出一个字节的数据*/               
  85   1              RST_CLR;        /*停止DS1302总线*/
  86   1              return temp;
  87   1      }
  88          
  89          unsigned char NCD(unsigned char n)
  90          {
  91   1              return ((n/10)<<4)+(n%10);
  92   1      }
  93          
  94          unsigned char BCD(unsigned char n)
  95          {
  96   1              return (n>>4)*10+(n&0X0F);
  97   1      }
  98          
  99          void set_time(Time t)
 100          {
 101   1              Ds1302_Single_Byte_Write(ds1302_control_addr,0x00);
 102   1              Ds1302_Single_Byte_Write(ds1302_charger_addr,0x00);
 103   1              
 104   1              Ds1302_Single_Byte_Write(ds1302_hr_addr,NCD(t.hour));
 105   1              Ds1302_Single_Byte_Write(ds1302_min_addr,NCD(t.min));
 106   1              Ds1302_Single_Byte_Write(ds1302_sec_addr,NCD(t.sec));
 107   1      }
 108          
 109          void Delay2ms()         //@12.000MHz
 110          {
 111   1              unsigned char i, j;
 112   1      
 113   1              i = 24;
 114   1              j = 85;
 115   1              do
 116   1              {
C51 COMPILER V9.56.0.0   DS1302                                                            03/17/2018 19:38:23 PAGE 3   

 117   2                      while (--j);
 118   2              } while (--i);
 119   1      }
 120          
 121          void get_time(Time *t)
 122          {
 123   1              t->hour=BCD(Ds1302_Single_Byte_Read(ds1302_hr_addr));Delay2ms();
 124   1              t->min=BCD(Ds1302_Single_Byte_Read(ds1302_min_addr));Delay2ms();
 125   1              t->sec=BCD(Ds1302_Single_Byte_Read(ds1302_sec_addr));Delay2ms();
 126   1      }


MODULE INFORMATION:   STATIC OVERLAYABLE
   CODE SIZE        =    275    ----
   CONSTANT SIZE    =   ----    ----
   XDATA SIZE       =   ----    ----
   PDATA SIZE       =   ----    ----
   DATA SIZE        =   ----       3
   IDATA SIZE       =   ----    ----
   BIT SIZE         =   ----    ----
END OF MODULE INFORMATION.


C51 COMPILATION COMPLETE.  0 WARNING(S),  0 ERROR(S)
