C51 COMPILER V9.56.0.0   MAIN                                                              03/17/2018 20:28:41 PAGE 1   


C51 COMPILER V9.56.0.0, COMPILATION OF MODULE MAIN
OBJECT MODULE PLACED IN .\Objects\main.obj
COMPILER INVOKED BY: D:\Keil-v5\C51\BIN\C51.EXE main.c OPTIMIZE(8,SPEED) BROWSE DEBUG OBJECTEXTEND PRINT(.\Listings\main
                    -.lst) OBJECT(.\Objects\main.obj)

line level    source

   1          #include <STC15F2K60S2.H>
   2          #include "ds1302.h"
   3          #define Y(n) P2=P2&0x1F|(n<<5),P2=P2&0x1F
   4          unsigned char digit[]={0xC0,0xF9,0xA4,0xB0,0x99,0x92,0X82,0xF8,0x80,0x90,0xBF};
   5          unsigned char num[8];
   6          
   7          void buzz_relay_off()
   8          {
   9   1              P0&=~((1<<4)|(1<<6));
  10   1              Y(5);
  11   1      }
  12          void digit0num(Time t)
  13          {
  14   1          num[0]=t.hour/10;
  15   1              num[1]=t.hour%10;
  16   1              
  17   1              num[3]=t.min/10;
  18   1              num[4]=t.min%10;
  19   1              
  20   1              num[6]=t.sec/10;
  21   1              num[7]=t.sec%10;
  22   1              
  23   1              num[2]=10;
  24   1              num[5]=10;
  25   1      }
  26          void display()
  27          {
  28   1          static char i=0;
  29   1      
  30   1          P0=0xFF;
  31   1          Y(7);
  32   1          
  33   1          P0=(1<<i);
  34   1          Y(6);
  35   1          
  36   1          P0=digit[num[i]];
  37   1          Y(7);
  38   1          
  39   1          if(++i==8)
  40   1              i=0;
  41   1      }
  42          bit flag=0;
  43          void timer0_init()
  44          {
  45   1          EA=1;
  46   1          ET0=1;
  47   1          TMOD=TMOD&0xF0|0x01;
  48   1          TH0=(65536-2000)>>8;
  49   1          TL0=(65536-2000)&0x0F;
  50   1          TR0=1;
  51   1      }
  52          void timer0_isr() interrupt 1
  53          {
  54   1          static unsigned short count=0;
C51 COMPILER V9.56.0.0   MAIN                                                              03/17/2018 20:28:41 PAGE 2   

  55   1              display();
  56   1              TH0=(65536-2000)>>8;
  57   1              TL0=(65536-2000)&0X00FF;
  58   1              if(++count==50)
  59   1              {
  60   2                      count=0;
  61   2                      flag=1;
  62   2                      
  63   2              }
  64   1      }
  65          int main()
  66          {
  67   1          Time t={1,35,30};
  68   1          buzz_relay_off();
  69   1          timer0_init();
  70   1          set_time(t);
  71   1          while(1)
  72   1          {
  73   2             if(flag)
  74   2                      {
  75   3                              get_time(&t);
  76   3                              digit0num(t);
  77   3                              flag=0;
  78   3                      }
  79   2             
  80   2              
  81   2          }
  82   1      }


MODULE INFORMATION:   STATIC OVERLAYABLE
   CODE SIZE        =    302    ----
   CONSTANT SIZE    =      3    ----
   XDATA SIZE       =   ----    ----
   PDATA SIZE       =   ----    ----
   DATA SIZE        =     22       6
   IDATA SIZE       =   ----    ----
   BIT SIZE         =      1    ----
END OF MODULE INFORMATION.


C51 COMPILATION COMPLETE.  0 WARNING(S),  0 ERROR(S)
