C51 COMPILER V9.56.0.0   MAIN                                                              03/28/2018 11:44:56 PAGE 1   


C51 COMPILER V9.56.0.0, COMPILATION OF MODULE MAIN
OBJECT MODULE PLACED IN .\Objects\main.obj
COMPILER INVOKED BY: D:\Keil-v5\C51\BIN\C51.EXE main.c OPTIMIZE(8,SPEED) BROWSE DEBUG OBJECTEXTEND PRINT(.\Listings\main
                    -.lst) OBJECT(.\Objects\main.obj)

line level    source

   1          #include <STC15F2K60S2.H>
   2          #include "onewire.h"
   3          #define Y(n) P2=P2&0x1F|(n<<5),P2=P2&0x1F;
   4          unsigned char digit[]={0xC0,0xF9,0xA4,0xB0,0x99,0x92,0x82,0xF8,0x80,0x90};
   5          unsigned char num[8];
   6          
   7          
   8          
   9          void buzz_relay(bit i,bit j)
  10          {
  11   1          if(i==0&&j==0)
  12   1          {
  13   2              P0&=~((1<<4)|(1<<6));
  14   2              Y(5);
  15   2          }
  16   1          else if(i==1&&j==1)
  17   1          {
  18   2              P0|=(1<<4)|(1<<6);
  19   2              Y(5);
  20   2          }
  21   1          else if(i==1&&j==0)
  22   1          {
  23   2              P0|=(1<<6);
  24   2              P0&=~(1<<4);
  25   2              Y(5);
  26   2          }
  27   1          else if(j==0&&j==1)
  28   1          {
  29   2              P0&=~(1<<6);
  30   2              P0|=(1<<4);
  31   2              Y(5);
  32   2          }  
  33   1      }
  34          void display()
  35          {
  36   1          static char i=0;
  37   1          
  38   1          P0=0xFF;
  39   1          Y(7);
  40   1          
  41   1          P0=1<<i;
  42   1          Y(6);
  43   1          
  44   1          P0=digit[num[i]];
  45   1          Y(7);
  46   1          
  47   1          if(++i==8)
  48   1              i=0;
  49   1      }
  50          void digit0num(unsigned long n)
  51          {
  52   1          signed char i;
  53   1          for(i=7;i>=0;i--)
  54   1          {
C51 COMPILER V9.56.0.0   MAIN                                                              03/28/2018 11:44:56 PAGE 2   

  55   2              num[i]=n%10;
  56   2              n/=10;
  57   2          }
  58   1      }
  59          void timer0_init()
  60          {
  61   1          EA=1;
  62   1          ET0=1;
  63   1          TMOD=TMOD&0xF0|0x01;
  64   1          TH0=(65536-2000)>>8;
  65   1          TL0=(65536-2000)&0x0F;
  66   1          TR0=1;
  67   1          
  68   1      }
  69          void timer0_isr() interrupt 1
  70          {
  71   1          TH0=(65536-2000)>>8;
  72   1          TL0=(65536-2000)&0x0F;
  73   1          display();
  74   1          
  75   1      }
  76          int main()
  77          {
  78   1          timer0_init();
  79   1          buzz_relay(0,0); 
  80   1          
  81   1          while(1)
  82   1          {
  83   2              unsigned long n;
  84   2              n=DS18B20_temp();
  85   2              digit0num(n);//ds18b20_read_value());   
  86   2          }
  87   1      }


MODULE INFORMATION:   STATIC OVERLAYABLE
   CODE SIZE        =    284    ----
   CONSTANT SIZE    =   ----    ----
   XDATA SIZE       =   ----    ----
   PDATA SIZE       =   ----    ----
   DATA SIZE        =     19       9
   IDATA SIZE       =   ----    ----
   BIT SIZE         =   ----       2
END OF MODULE INFORMATION.


C51 COMPILATION COMPLETE.  0 WARNING(S),  0 ERROR(S)
