C51 COMPILER V9.56.0.0   ONEWIRE                                                           03/28/2018 11:45:50 PAGE 1   


C51 COMPILER V9.56.0.0, COMPILATION OF MODULE ONEWIRE
OBJECT MODULE PLACED IN .\Objects\onewire.obj
COMPILER INVOKED BY: D:\Keil-v5\C51\BIN\C51.EXE onewire.c OPTIMIZE(8,SPEED) BROWSE DEBUG OBJECTEXTEND PRINT(.\Listings\o
                    -newire.lst) OBJECT(.\Objects\onewire.obj)

line level    source

   1          /*
   2            程序说明: 单总线驱动程序
   3            软件环境: Keil uVision 4.10 
   4            硬件环境: CT107单片机综合实训平台
   5            日    期: 2011-8-9
   6          */
   7          #include <STC15F2K60S2.H>
   8          #include "onewire.h"
   9          #define K 8
  10          //sbit DQ = P1^4;
  11          //单总线延时函数
  12          void Delay_OneWire(unsigned int t)
  13          {
  14   1        while(t--);
  15   1      }
  16          
  17          //DS18B20芯片初始化
  18          bit Init_DS18B20(void)
  19          {
  20   1              bit initflag = 0;
  21   1              DQ = 1;
  22   1              Delay_OneWire(12*K);  //1us
  23   1              DQ = 0;
  24   1              Delay_OneWire(80*K);  //480us
  25   1          
  26   1              DQ = 1;      //释放总权
  27   1          
  28   1              Delay_OneWire(10*K);   //60us
  29   1              initflag = DQ;        // 0
  30   1              Delay_OneWire(5*K);     //延满480us
  31   1        
  32   1              return initflag;      //0
  33   1      }
  34          
  35          //通过单总线向DS18B20写一个字节
  36          void Write_DS18B20(unsigned char dat)
  37          {
  38   1              unsigned char i;
  39   1              for(i=0;i<8;i++)
  40   1              {
  41   2                      DQ = 0;
  42   2                      DQ = dat&0x01;
  43   2                      Delay_OneWire(5*K);
  44   2                      DQ = 1;
  45   2                      dat >>= 1;
  46   2              }
  47   1              Delay_OneWire(5*K);
  48   1      }
  49          
  50          //从DS18B20读取一个字节
  51          unsigned char Read_DS18B20(void)
  52          {
  53   1              unsigned char i;
  54   1              unsigned char dat;
C51 COMPILER V9.56.0.0   ONEWIRE                                                           03/28/2018 11:45:50 PAGE 2   

  55   1        
  56   1              for(i=0;i<8;i++)
  57   1              {
  58   2                      DQ = 0;
  59   2                      dat >>= 1;
  60   2                      DQ = 1;
  61   2                      if(DQ)
  62   2                      {
  63   3                              dat |= 0x80;
  64   3                      }           
  65   2                      Delay_OneWire(5*K);
  66   2              }
  67   1              return dat;
  68   1      }
  69          unsigned long DS18B20_temp()
  70          {
  71   1          unsigned long n;
  72   1          unsigned short MSB,LSB;
  73   1          
  74   1          Init_DS18B20();
  75   1          
  76   1          Write_DS18B20(0xCC);
  77   1          Write_DS18B20(0x44);
  78   1          
  79   1          DQ=1;
  80   1          while(DQ==0);
  81   1              
  82   1          Init_DS18B20();
  83   1          
  84   1          Write_DS18B20(0xCC);
  85   1          Write_DS18B20(0xBE); 
  86   1          
  87   1          LSB=Read_DS18B20();
  88   1          MSB=Read_DS18B20();
  89   1          
  90   1          n=(MSB<<8)|LSB;
  91   1              
  92   1              return n*10000UL>>4;
  93   1      }


MODULE INFORMATION:   STATIC OVERLAYABLE
   CODE SIZE        =    191    ----
   CONSTANT SIZE    =   ----    ----
   XDATA SIZE       =   ----    ----
   PDATA SIZE       =   ----    ----
   DATA SIZE        =   ----       6
   IDATA SIZE       =   ----    ----
   BIT SIZE         =   ----       1
END OF MODULE INFORMATION.


C51 COMPILATION COMPLETE.  0 WARNING(S),  0 ERROR(S)
