C51 COMPILER V9.56.0.0   MAIN                                                              03/13/2018 13:57:29 PAGE 1   


C51 COMPILER V9.56.0.0, COMPILATION OF MODULE MAIN
OBJECT MODULE PLACED IN .\Objects\main.obj
COMPILER INVOKED BY: D:\Keil-v5\C51\BIN\C51.EXE main.c OPTIMIZE(8,SPEED) BROWSE DEBUG OBJECTEXTEND PRINT(.\Listings\main
                    -.lst) OBJECT(.\Objects\main.obj)

line level    source

   1          #include <STC15F2K60S2.H>
   2          #include "ds18b20.h"
   3          #define Y(n) P2=P2&0x1F|(n<<5),P2=P2&0x1F;
   4          unsigned char digit[]={0xC0,0xF9,0xA4,0xB0,0x99,0x92,0x82,0xF8,0x80,0x90};
   5          unsigned char num[8];
   6          
   7          unsigned long n;
   8          void buzz_relay(bit i,bit j)
   9          {
  10   1          if(i==0&&j==0)
  11   1          {
  12   2              P0&=~((1<<4)|(1<<6));
  13   2              Y(5);
  14   2          }
  15   1          else if(i==1&&j==1)
  16   1          {
  17   2              P0|=(1<<4)|(1<<6);
  18   2              Y(5);
  19   2          }
  20   1          else if(i==1&&j==0)
  21   1          {
  22   2              P0|=(1<<6);
  23   2              P0&=~(1<<4);
  24   2              Y(5);
  25   2          }
  26   1          else if(j==0&&j==1)
  27   1          {
  28   2              P0&=~(1<<6);
  29   2              P0|=(1<<4);
  30   2              Y(5);
  31   2          }  
  32   1      }
  33          void display()
  34          {
  35   1          static char i=0;
  36   1          
  37   1          P0=0xFF;
  38   1          Y(7);
  39   1          
  40   1          P0=1<<i;
  41   1          Y(6);
  42   1          
  43   1          P0=digit[num[i]];
  44   1          Y(7);
  45   1          
  46   1          if(++i==8)
  47   1              i=0;
  48   1      }
  49          void digit0num(unsigned long n)
  50          {
  51   1          signed char i;
  52   1          for(i=7;i>=0;i--)
  53   1          {
  54   2              num[i]=n%10;
C51 COMPILER V9.56.0.0   MAIN                                                              03/13/2018 13:57:29 PAGE 2   

  55   2              n/=10;
  56   2          }
  57   1      }
  58          void timer0_init()
  59          {
  60   1          EA=1;
  61   1          ET0=1;
  62   1          TMOD=TMOD&0xF0|0x01;
  63   1          TH0=(65536-2000)>>8;
  64   1          TL0=(65536-2000)&0x0F;
  65   1          TR0=1;
  66   1          
  67   1      }
  68          void timer0_isr() interrupt 1
  69          {
  70   1          TH0=(65536-2000)>>8;
  71   1          TL0=(65536-2000)&0x0F;
  72   1          display();
  73   1          
  74   1      }
  75          int main()
  76          {
  77   1          timer0_init();
  78   1          buzz_relay(0,0); 
  79   1          
  80   1          while(1)
  81   1          {
  82   2              n=DS18B20_temp();
  83   2              digit0num(n);//ds18b20_read_value());   
  84   2          }
  85   1      }


MODULE INFORMATION:   STATIC OVERLAYABLE
   CODE SIZE        =    475    ----
   CONSTANT SIZE    =   ----    ----
   XDATA SIZE       =   ----    ----
   PDATA SIZE       =   ----    ----
   DATA SIZE        =     23      11
   IDATA SIZE       =   ----    ----
   BIT SIZE         =   ----       3
END OF MODULE INFORMATION.


C51 COMPILATION COMPLETE.  0 WARNING(S),  0 ERROR(S)
