C51 COMPILER V9.56.0.0   ONEWIRE                                                           03/13/2018 13:42:03 PAGE 1   


C51 COMPILER V9.56.0.0, COMPILATION OF MODULE ONEWIRE
OBJECT MODULE PLACED IN .\Objects\onewire.obj
COMPILER INVOKED BY: D:\Keil-v5\C51\BIN\C51.EXE onewire.c OPTIMIZE(8,SPEED) BROWSE DEBUG OBJECTEXTEND PRINT(.\Listings\o
                    -newire.lst) OBJECT(.\Objects\onewire.obj)

line level    source

   1          
   2          /*
   3            程序说明: 单总线驱动程序
   4            软件环境: Keil uVision 4.10 
   5            硬件环境: CT107单片机综合实训平台
   6            日    期: 2011-8-9
   7          */
   8          #include <STC15F2K60S2.H>
   9          
  10          
  11          
  12          //IC引脚定义
  13          sbit DQ = P1^4;
  14          
  15          #define K 8
  16          
  17          //单总线延时函数
  18          void Delay_OneWire(unsigned int t)
  19          {
  20   1        while(t--);
  21   1      }
  22          
  23          //DS18B20芯片初始化
  24          bit Init_DS18B20(void)
  25          {
  26   1              bit initflag = 0;
  27   1              DQ = 1;
  28   1              Delay_OneWire(12*K);
  29   1              DQ = 0;
  30   1              Delay_OneWire(80*K); 
  31   1              DQ = 1;
  32   1              Delay_OneWire(10*K); 
  33   1              initflag = DQ;    
  34   1              Delay_OneWire(5*K);
  35   1        
  36   1              return initflag;
  37   1      }
  38          
  39          //通过单总线向DS18B20写一个字节
  40          void Write_DS18B20(unsigned char dat)
  41          {
  42   1              unsigned char i;
  43   1              for(i=0;i<8;i++)
  44   1              {
  45   2                      //EA=0;
  46   2                      DQ = 0;
  47   2                      DQ = dat&0x01;
  48   2                      Delay_OneWire(5*K);
  49   2                      DQ = 1;
  50   2                      dat >>= 1;
  51   2                      //EA=1;
  52   2              }
  53   1              Delay_OneWire(5*K);
  54   1      }
C51 COMPILER V9.56.0.0   ONEWIRE                                                           03/13/2018 13:42:03 PAGE 2   

  55          
  56          //从DS18B20读取一个字节
  57          unsigned char Read_DS18B20(void)
  58          {
  59   1              unsigned char i;
  60   1              unsigned char dat;
  61   1        
  62   1              for(i=0;i<8;i++)
  63   1              {
  64   2                      //EA=0;
  65   2                      DQ = 0;
  66   2                      dat >>= 1;
  67   2                      DQ = 1;
  68   2                      if(DQ)
  69   2                      {
  70   3                              dat |= 0x80;
  71   3                      }           
  72   2                      Delay_OneWire(5*K);
  73   2                      //EA=1;
  74   2              }
  75   1              return dat;
  76   1      }
  77          
  78          unsigned long DS18B20_temp()
  79          {
  80   1              unsigned long t;
  81   1              unsigned short low,high;
  82   1              
  83   1              Init_DS18B20();
  84   1              
  85   1              Write_DS18B20(0xCC);
  86   1              Write_DS18B20(0x44);
  87   1              
  88   1              DQ=1;
  89   1              while(DQ==0);
  90   1              
  91   1              Init_DS18B20();
  92   1              
  93   1              Write_DS18B20(0xCC);
  94   1              Write_DS18B20(0xBE);
  95   1              
  96   1              low=Read_DS18B20();
  97   1              high=Read_DS18B20();
  98   1              
  99   1              t=(high<<8)|low;
 100   1              
 101   1              return t*10000UL>>4;
 102   1      }


MODULE INFORMATION:   STATIC OVERLAYABLE
   CODE SIZE        =    191    ----
   CONSTANT SIZE    =   ----    ----
   XDATA SIZE       =   ----    ----
   PDATA SIZE       =   ----    ----
   DATA SIZE        =   ----       6
   IDATA SIZE       =   ----    ----
   BIT SIZE         =   ----       1
END OF MODULE INFORMATION.


C51 COMPILATION COMPLETE.  0 WARNING(S),  0 ERROR(S)
