C51 COMPILER V9.56.0.0   MAIN                                                              03/19/2018 20:40:35 PAGE 1   


C51 COMPILER V9.56.0.0, COMPILATION OF MODULE MAIN
OBJECT MODULE PLACED IN .\Objects\main.obj
COMPILER INVOKED BY: D:\Keil-v5\C51\BIN\C51.EXE main.c OPTIMIZE(8,SPEED) BROWSE DEBUG OBJECTEXTEND PRINT(.\Listings\main
                    -.lst) OBJECT(.\Objects\main.obj)

line level    source

   1          #include <STC15F2K60S2.H>
   2          #include <INTRINS.H>
   3          #define Y(n) P2=P2&0x1F|(n<<5),P2=P2&0x1F
   4          unsigned char digit[]={0xc0,0xf9,0xa4,0xb0,0x99,0x92,0x82,0xf8,0x80,0x90};
   5          unsigned char num[8];
   6          sbit TX=P1^0;
   7          sbit RX=P1^1;
   8          void buzz_relay(char i,char j)
   9          {
  10   1          if(i==0&&j==0)
  11   1          {
  12   2              P0&=~((1<<4)|(1<<6));
  13   2              Y(5);
  14   2          }
  15   1      }
  16          void Delay13us()                //@12.000MHz
  17          {
  18   1              unsigned char i;
  19   1      
  20   1              _nop_();
  21   1              _nop_();
  22   1              i = 36;
  23   1              while (--i);
  24   1      }
  25          
  26          void display()
  27          {
  28   1          static signed char i=0;
  29   1          
  30   1          P0=0xFF;
  31   1          Y(7);
  32   1          
  33   1          P0=1<<i;
  34   1          Y(6);
  35   1          
  36   1          P0=digit[num[i]];
  37   1          Y(7);
  38   1          
  39   1          if(++i==8)
  40   1              i=0;
  41   1          
  42   1      }
  43          void digit0num(unsigned long n)
  44          {
  45   1          signed char i;
  46   1          for(i=7;i>=0;i--)
  47   1          {
  48   2              num[i]=n%10;
  49   2              n/=10;
  50   2          }
  51   1      }
  52          void timer0_init()
  53          {
  54   1          EA=1;
C51 COMPILER V9.56.0.0   MAIN                                                              03/19/2018 20:40:35 PAGE 2   

  55   1          ET0=1;
  56   1          ET1=0;
  57   1          TMOD=0x11;
  58   1          TH0=(65536-2000)>>8;
  59   1          TL0=(65536-2000)&0x0F;
  60   1          TR0=1;
  61   1          TR1=0;
  62   1      }
  63          volatile bit keyflag0=0;
  64          void timer0_isr() interrupt 1
  65          {
  66   1          static unsigned short count0=0;
  67   1          TH0=(65536-2000)>>8;
  68   1          TL0=(65536-2000)&0x0F;
  69   1          display();
  70   1          if(++count0==250)
  71   1          {
  72   2              keyflag0=1;
  73   2              count0=0;
  74   2          }
  75   1          
  76   1      }
  77          void sendwave()  //иб▓е
  78          {
  79   1          unsigned char i;
  80   1          for(i=0;i<=7;i++)
  81   1          {
  82   2              TX=1;
  83   2              Delay13us();_nop_();_nop_();_nop_();_nop_();
  84   2              TX=0;
  85   2              Delay13us();_nop_();_nop_();_nop_();_nop_();
  86   2          }
  87   1      }
  88          unsigned long ultrasonic_distance()
  89          {
  90   1          unsigned long distance;
  91   1          RX=1; 
  92   1          
  93   1          TH1=0;
  94   1          TL1=0;
  95   1          TF1=0;
  96   1          TR1=1;
  97   1          sendwave();
  98   1          
  99   1          while((RX==1)&&(TF1==0));
 100   1          TR1=0;
 101   1          
 102   1          distance=TF1?99999:((TH1<<8|TL1)*17UL/1000UL);
 103   1          return distance;
 104   1      }
 105          int main()
 106          {
 107   1          buzz_relay(0,0);
 108   1          timer0_init();
 109   1          
 110   1          while(1)
 111   1          {
 112   2              if(keyflag0==1)
 113   2              {
 114   3                  keyflag0=0;
 115   3                  digit0num(ultrasonic_distance());
 116   3                  
C51 COMPILER V9.56.0.0   MAIN                                                              03/19/2018 20:40:35 PAGE 3   

 117   3              }
 118   2          }
 119   1              
 120   1      }


MODULE INFORMATION:   STATIC OVERLAYABLE
   CODE SIZE        =    353    ----
   CONSTANT SIZE    =   ----    ----
   XDATA SIZE       =   ----    ----
   PDATA SIZE       =   ----    ----
   DATA SIZE        =     21       5
   IDATA SIZE       =   ----    ----
   BIT SIZE         =      1    ----
END OF MODULE INFORMATION.


C51 COMPILATION COMPLETE.  0 WARNING(S),  0 ERROR(S)
