C51 COMPILER V9.56.0.0   IIC                                                               03/31/2018 22:40:29 PAGE 1   


C51 COMPILER V9.56.0.0, COMPILATION OF MODULE IIC
OBJECT MODULE PLACED IN .\Objects\IIC.obj
COMPILER INVOKED BY: D:\Keil-v5\C51\BIN\C51.EXE IIC.c OPTIMIZE(8,SPEED) BROWSE DEBUG OBJECTEXTEND PRINT(.\Listings\IIC.l
                    -st) OBJECT(.\Objects\IIC.obj)

line level    source

   1          /*
   2            程序说明: IIC总线驱动程序
   3            软件环境: Keil uVision 4.10 
   4            硬件环境: CT107单片机综合实训平台(12MHz)
   5            日    期: 2011-8-9
   6          */
   7          
   8          #include "iic.h"
   9          //#include <STC15F2K60S2.H>
  10          
  11          //总线启动条件
  12          void Delay5us()         //@12.000MHz
  13          {
  14   1              unsigned char i;
  15   1      
  16   1              _nop_();
  17   1              _nop_();
  18   1              i = 12;
  19   1              while (--i);
  20   1      }
  21          
  22          #define somenop {Delay5us();}
  23          void IIC_Start(void)
  24          {
  25   1              SDA = 1;
  26   1              SCL = 1;
  27   1              somenop;
  28   1              SDA = 0;
  29   1              somenop;
  30   1              SCL = 0;        
  31   1      }
  32          
  33          //总线停止条件
  34          void IIC_Stop(void)
  35          {
  36   1              SDA = 0;
  37   1              SCL = 1;
  38   1              somenop;
  39   1              SDA = 1;
  40   1      }
  41          
  42          //应答位控制
  43          void IIC_Ack(unsigned char ackbit)
  44          {
  45   1              if(ackbit) 
  46   1              {       
  47   2                      SDA = 0;
  48   2              }
  49   1              else 
  50   1              {
  51   2                      SDA = 1;
  52   2              }
  53   1              somenop;
  54   1              SCL = 1;
C51 COMPILER V9.56.0.0   IIC                                                               03/31/2018 22:40:29 PAGE 2   

  55   1              somenop;
  56   1              SCL = 0;
  57   1              SDA = 1; 
  58   1              somenop;
  59   1      }
  60          
  61          //等待应答
  62          bit IIC_WaitAck(void)
  63          {
  64   1              SDA = 1;
  65   1              somenop;
  66   1              SCL = 1;
  67   1              somenop;
  68   1              if(SDA)    
  69   1              {   
  70   2                      SCL = 0;
  71   2                      IIC_Stop();
  72   2                      return 0;
  73   2              }
  74   1              else  
  75   1              { 
  76   2                      SCL = 0;
  77   2                      return 1;
  78   2              }
  79   1      }
  80          /*void IIC_Write_ack()
  81          {
  82              SCL=0;
  83                  somenop;
  84                  
  85                  SDA=1;
  86                  somenop;
  87                  
  88                  SCL=1;
  89                  somenop;
  90                  
  91                  SCL=0;
  92                  somenop;
  93          }*/
  94          
  95          
  96          //通过I2C总线发送数据
  97          void IIC_SendByte(unsigned char byt)
  98          {
  99   1              unsigned char i;
 100   1              for(i=0;i<8;i++)
 101   1              {   
 102   2                      if(byt&0x80) 
 103   2                      {       
 104   3                              SDA = 1;
 105   3                      }
 106   2                      else 
 107   2                      {
 108   3                              SDA = 0;
 109   3                      }
 110   2                      somenop;
 111   2                      SCL = 1;
 112   2                      byt <<= 1;
 113   2                      somenop;
 114   2                      SCL = 0;
 115   2              }
 116   1      }
C51 COMPILER V9.56.0.0   IIC                                                               03/31/2018 22:40:29 PAGE 3   

 117          
 118          //从I2C总线上接收数据
 119          unsigned char IIC_RecByte(void)
 120          {
 121   1              unsigned char da;
 122   1              unsigned char i;
 123   1              
 124   1              for(i=0;i<8;i++)
 125   1              {   
 126   2                      SCL = 1;
 127   2                      somenop;
 128   2                      da <<= 1;
 129   2                      if(SDA) 
 130   2                      da |= 0x01;
 131   2                      SCL = 0;
 132   2                      somenop;
 133   2              }
 134   1              return da;
 135   1      }
 136          unsigned short at24c02_write_byte(unsigned char addr,unsigned char dat)
 137          {
 138   1          IIC_Start();
 139   1          
 140   1          IIC_SendByte(0xA0);
 141   1          IIC_WaitAck();
 142   1          
 143   1          IIC_SendByte(addr);
 144   1          IIC_WaitAck();
 145   1          
 146   1          IIC_SendByte(dat);
 147   1          IIC_WaitAck();
 148   1          
 149   1          
 150   1          IIC_Stop();
 151   1          
 152   1          return 0;    
 153   1      }
 154          unsigned short at24c02_read_byte(unsigned char addr)
 155          {
 156   1          unsigned char dat;
 157   1          IIC_Start();
 158   1          
 159   1          IIC_SendByte(0xA0);
 160   1          IIC_WaitAck();
 161   1          
 162   1          IIC_SendByte(addr);
 163   1          IIC_WaitAck();
 164   1          
 165   1          IIC_Start();
 166   1              
 167   1              IIC_SendByte(0xA1);
 168   1              IIC_WaitAck();
 169   1          
 170   1              dat=IIC_RecByte();
 171   1              IIC_Ack(1);
 172   1              
 173   1               IIC_Stop();
 174   1                
 175   1              return dat;
 176   1          
 177   1             
 178   1      }
C51 COMPILER V9.56.0.0   IIC                                                               03/31/2018 22:40:29 PAGE 4   



MODULE INFORMATION:   STATIC OVERLAYABLE
   CODE SIZE        =    219    ----
   CONSTANT SIZE    =   ----    ----
   XDATA SIZE       =   ----    ----
   PDATA SIZE       =   ----    ----
   DATA SIZE        =   ----    ----
   IDATA SIZE       =   ----    ----
   BIT SIZE         =   ----    ----
END OF MODULE INFORMATION.


C51 COMPILATION COMPLETE.  0 WARNING(S),  0 ERROR(S)
