C51 COMPILER V9.56.0.0   MAIN                                                              03/31/2018 22:40:14 PAGE 1   


C51 COMPILER V9.56.0.0, COMPILATION OF MODULE MAIN
OBJECT MODULE PLACED IN .\Objects\main.obj
COMPILER INVOKED BY: D:\Keil-v5\C51\BIN\C51.EXE main.c OPTIMIZE(8,SPEED) BROWSE DEBUG OBJECTEXTEND PRINT(.\Listings\main
                    -.lst) OBJECT(.\Objects\main.obj)

line level    source

   1          #include <STC15F2K60S2.H>
   2          #include "IIC.h"
   3          #define Y(n) P2=P2&0x1F|(n<<5),P2=P2&0x1F;
   4          unsigned char digit[]={0xC0,0xF9,0xA4,0xB0,0x99,0x92,0x82,0xF8,0x80,0x90};
   5          unsigned char num[8];
   6          unsigned long n;
   7          void led_off()
   8          {
   9   1          P0=0xFF;
  10   1          Y(4);
  11   1      }
  12          void buzz_relay(bit i,bit j)
  13          {
  14   1          if(i==0&&j==0)
  15   1          {
  16   2              P0&=~((1<<4)|(1<<6));
  17   2              Y(5);
  18   2          }
  19   1          else if(i==1&&j==1)
  20   1          {
  21   2              P0|=(1<<4)|(1<<6);
  22   2              Y(5);
  23   2          }
  24   1          else if(i==1&&j==0)
  25   1          {
  26   2              P0|=(1<<6);
  27   2              P0&=~(1<<4);
  28   2              Y(5);
  29   2          }
  30   1          else if(j==0&&j==1)
  31   1          {
  32   2              P0&=~(1<<6);
  33   2              P0|=(1<<4);
  34   2              Y(5);
  35   2          }  
  36   1      }
  37          void display()
  38          {
  39   1          static char i=0;
  40   1          
  41   1          P0=0xFF;
  42   1          Y(7);
  43   1          
  44   1          P0=1<<i;
  45   1          Y(6);
  46   1          
  47   1          P0=digit[num[i]];
  48   1          Y(7);
  49   1          
  50   1          if(++i==8)
  51   1              i=0;
  52   1      }
  53          void digit0num(unsigned long n)
  54          {
C51 COMPILER V9.56.0.0   MAIN                                                              03/31/2018 22:40:14 PAGE 2   

  55   1          signed char i;
  56   1          for(i=7;i>=0;i--)
  57   1          {
  58   2              num[i]=n%10;
  59   2              n/=10;
  60   2          }
  61   1      }
  62          void timer0_init()
  63          {
  64   1          EA=1;
  65   1          ET0=1;
  66   1          TMOD=TMOD&0xF0|0x01;
  67   1          TH0=(65536-2000)>>8;
  68   1          TL0=(65536-2000)&0x0F;
  69   1          TR0=1;
  70   1          
  71   1      }
  72          void timer0_isr() interrupt 1
  73          {
  74   1          TH0=(65536-2000)>>8;
  75   1          TL0=(65536-2000)&0x0F;
  76   1          display();
  77   1          
  78   1      }
  79          unsigned char key_id()
  80          {
  81   1          unsigned char id=0;
  82   1          signed char i;
  83   1           P4|=(1<<4)|(1<<2);
  84   1          for(i=0;i<=3;i++)
  85   1          {
  86   2              P3=~(1<<i);
  87   2              if(P44==0)
  88   2                  id=0+4*i;
  89   2              if(P42==0)
  90   2                  id=1+4*i;
  91   2              if(P35==0)
  92   2                  id=2+4*i;
  93   2              if(P34==0)
  94   2                  id=3+4*i;    
  95   2          }
  96   1          return id;
  97   1      }
  98          unsigned char key_id_down()
  99          {
 100   1          unsigned char ret;
 101   1          unsigned char thisid;
 102   1          static unsigned char lastid=0;
 103   1          thisid=key_id();
 104   1          if(lastid==0&&thisid!=0)
 105   1              ret=thisid;
 106   1          else
 107   1              ret=0;
 108   1          lastid=thisid;
 109   1          return ret;  
 110   1      }
 111          
 112          void key_proc(unsigned long id)
 113          { 
 114   1          n=n+id;
 115   1          digit0num(n);
 116   1          at24c02_write_byte(0x00,n);
C51 COMPILER V9.56.0.0   MAIN                                                              03/31/2018 22:40:14 PAGE 3   

 117   1      }
 118              
 119          
 120          int main()
 121          {
 122   1          timer0_init();
 123   1          buzz_relay(0,0); 
 124   1          led_off();
 125   1          n=at24c02_read_byte(0x00);
 126   1          digit0num(n);
 127   1          while(1)
 128   1          {
 129   2              key_proc(key_id_down());
 130   2               
 131   2          }
 132   1      }


MODULE INFORMATION:   STATIC OVERLAYABLE
   CODE SIZE        =    454    ----
   CONSTANT SIZE    =   ----    ----
   XDATA SIZE       =   ----    ----
   PDATA SIZE       =   ----    ----
   DATA SIZE        =     24       9
   IDATA SIZE       =   ----    ----
   BIT SIZE         =   ----       2
END OF MODULE INFORMATION.


C51 COMPILATION COMPLETE.  0 WARNING(S),  0 ERROR(S)
