C51 COMPILER V9.56.0.0   ONEWIRE                                                           03/13/2018 23:18:50 PAGE 1   


C51 COMPILER V9.56.0.0, COMPILATION OF MODULE ONEWIRE
OBJECT MODULE PLACED IN .\Objects\onewire.obj
COMPILER INVOKED BY: D:\Keil-v5\C51\BIN\C51.EXE onewire.c OPTIMIZE(8,SPEED) BROWSE DEBUG OBJECTEXTEND PRINT(.\Listings\o
                    -newire.lst) OBJECT(.\Objects\onewire.obj)

line level    source

   1          /*
   2            程序说明: 单总线驱动程序
   3            软件环境: Keil uVision 4.10 
   4            硬件环境: CT107单片机综合实训平台
   5            日    期: 2011-8-9
   6          */
   7          #include <STC15F2K60S2.H>
   8          #include "onewire.h"
   9          #define K 8
  10          //单总线延时函数
  11          void Delay_OneWire(unsigned int t)
  12          {
  13   1        while(t--);
  14   1      }
  15          
  16          //DS18B20芯片初始化
  17          bit Init_DS18B20(void)
  18          {
  19   1              bit initflag = 0;
  20   1              DQ = 1;
  21   1              Delay_OneWire(12*K);  //1us
  22   1              DQ = 0;
  23   1              Delay_OneWire(80*K);  //480us
  24   1          
  25   1              DQ = 1;      //释放总权
  26   1          
  27   1              Delay_OneWire(10*K);   //60us
  28   1              initflag = DQ;        // 0
  29   1              Delay_OneWire(5*K);     //延满480us
  30   1        
  31   1              return initflag;      //0
  32   1      }
  33          
  34          //通过单总线向DS18B20写一个字节
  35          void Write_DS18B20(unsigned char dat)
  36          {
  37   1              unsigned char i;
  38   1              for(i=0;i<8;i++)
  39   1              {
  40   2                      DQ = 0;
  41   2                      DQ = dat&0x01;
  42   2                      Delay_OneWire(5*K);
  43   2                      DQ = 1;
  44   2                      dat >>= 1;
  45   2              }
  46   1              Delay_OneWire(5*K);
  47   1      }
  48          
  49          //从DS18B20读取一个字节
  50          unsigned char Read_DS18B20(void)
  51          {
  52   1              unsigned char i;
  53   1              unsigned char dat;
  54   1        
C51 COMPILER V9.56.0.0   ONEWIRE                                                           03/13/2018 23:18:50 PAGE 2   

  55   1              for(i=0;i<8;i++)
  56   1              {
  57   2                      DQ = 0;
  58   2                      dat >>= 1;
  59   2                      DQ = 1;
  60   2                      if(DQ)
  61   2                      {
  62   3                              dat |= 0x80;
  63   3                      }           
  64   2                      Delay_OneWire(5*K);
  65   2              }
  66   1              return dat;
  67   1      }
  68          unsigned long DS18B20_temp()
  69          {
  70   1          unsigned long t;
  71   1          unsigned long MSB,LSB;
  72   1          
  73   1          Init_DS18B20();
  74   1          
  75   1          Write_DS18B20(0xCC);
  76   1          Write_DS18B20(0X44);
  77   1          
  78   1          DQ=1;
  79   1          while(DQ==0);
  80   1          
  81   1          Init_DS18B20();
  82   1          
  83   1          Write_DS18B20(0xCC);
  84   1          Write_DS18B20(0XBE);
  85   1          
  86   1          LSB=Read_DS18B20();
  87   1          MSB=Read_DS18B20();
  88   1          
  89   1          t=(MSB<<8)|LSB;
  90   1          t=t*10000>>4;
  91   1          
  92   1          return t;
  93   1          
  94   1      }


MODULE INFORMATION:   STATIC OVERLAYABLE
   CODE SIZE        =    217    ----
   CONSTANT SIZE    =   ----    ----
   XDATA SIZE       =   ----    ----
   PDATA SIZE       =   ----    ----
   DATA SIZE        =   ----       8
   IDATA SIZE       =   ----    ----
   BIT SIZE         =   ----       1
END OF MODULE INFORMATION.


C51 COMPILATION COMPLETE.  0 WARNING(S),  0 ERROR(S)
